Release 14.7 Map P.20131013 (nt64)
Xilinx Mapping Report File for Design 'MipsSingleCycle_MohamadAshraf_18101303'

Design Information
------------------
Command Line   : map -intstyle ise -p xc7a100t-csg324-3 -w -logic_opt off -ol
high -t 1 -xt 0 -register_duplication off -r 4 -mt off -ir off -pr off -lc off
-power off -o MipsSingleCycle_MohamadAshraf_18101303_map.ncd
MipsSingleCycle_MohamadAshraf_18101303.ngd
MipsSingleCycle_MohamadAshraf_18101303.pcf 
Target Device  : xc7a100t
Target Package : csg324
Target Speed   : -3
Mapper Version : artix7 -- $Revision: 1.55 $
Mapped Date    : Tue Jun 08 15:40:05 2021

Design Summary
--------------
Number of errors   :   2
Number of warnings :   0

Section 1 - Errors
------------------
ERROR:Map:116 - The design is empty.  No processing will be done.
ERROR:Map:52 - Problem encountered processing RPMs. 

Section 2 - Warnings
--------------------

Section 3 - Informational
-------------------------
