Release 14.7 - xst P.20131013 (nt64)
Copyright (c) 1995-2013 Xilinx, Inc.  All rights reserved.
--> Parameter TMPDIR set to xst/projnav.tmp


Total REAL time to Xst completion: 0.00 secs
Total CPU time to Xst completion: 0.11 secs
 
--> Parameter xsthdpdir set to xst


Total REAL time to Xst completion: 0.00 secs
Total CPU time to Xst completion: 0.11 secs
 
--> Reading design: MipsSingleCycle_MohamadAshraf_18101303.prj

TABLE OF CONTENTS
  1) Synthesis Options Summary
  2) HDL Parsing
  3) HDL Elaboration
  4) HDL Synthesis
       4.1) HDL Synthesis Report
  5) Advanced HDL Synthesis
       5.1) Advanced HDL Synthesis Report
  6) Low Level Synthesis
  7) Partition Report
  8) Design Summary
       8.1) Primitive and Black Box Usage
       8.2) Device utilization summary
       8.3) Partition Resource Summary
       8.4) Timing Report
            8.4.1) Clock Information
            8.4.2) Asynchronous Control Signals Information
            8.4.3) Timing Summary
            8.4.4) Timing Details
            8.4.5) Cross Clock Domains Report


=========================================================================
*                      Synthesis Options Summary                        *
=========================================================================
---- Source Parameters
Input File Name                    : "MipsSingleCycle_MohamadAshraf_18101303.prj"
Ignore Synthesis Constraint File   : NO

---- Target Parameters
Output File Name                   : "MipsSingleCycle_MohamadAshraf_18101303"
Output Format                      : NGC
Target Device                      : xc7a100t-3-csg324

---- Source Options
Top Module Name                    : MipsSingleCycle_MohamadAshraf_18101303
Automatic FSM Extraction           : YES
FSM Encoding Algorithm             : Auto
Safe Implementation                : No
FSM Style                          : LUT
RAM Extraction                     : Yes
RAM Style                          : Auto
ROM Extraction                     : Yes
Shift Register Extraction          : YES
ROM Style                          : Auto
Resource Sharing                   : YES
Asynchronous To Synchronous        : NO
Shift Register Minimum Size        : 2
Use DSP Block                      : Auto
Automatic Register Balancing       : No

---- Target Options
LUT Combining                      : Auto
Reduce Control Sets                : Auto
Add IO Buffers                     : YES
Global Maximum Fanout              : 100000
Add Generic Clock Buffer(BUFG)     : 32
Register Duplication               : YES
Optimize Instantiated Primitives   : NO
Use Clock Enable                   : Auto
Use Synchronous Set                : Auto
Use Synchronous Reset              : Auto
Pack IO Registers into IOBs        : Auto
Equivalent register Removal        : YES

---- General Options
Optimization Goal                  : Speed
Optimization Effort                : 1
Power Reduction                    : NO
Keep Hierarchy                     : No
Netlist Hierarchy                  : As_Optimized
RTL Output                         : Yes
Global Optimization                : AllClockNets
Read Cores                         : YES
Write Timing Constraints           : NO
Cross Clock Analysis               : NO
Hierarchy Separator                : /
Bus Delimiter                      : <>
Case Specifier                     : Maintain
Slice Utilization Ratio            : 100
BRAM Utilization Ratio             : 100
DSP48 Utilization Ratio            : 100
Auto BRAM Packing                  : NO
Slice Utilization Ratio Delta      : 5

=========================================================================


=========================================================================
*                          HDL Parsing                                  *
=========================================================================
Parsing VHDL file "C:\Users\mhama\Desktop\Mohmad Ashraf\MohamadAshra_18101303_2021\sighEx_MohamadAshraf_18101303.vhd" into library work
Parsing entity <sighEx_MohamadAshraf_18101303>.
Parsing architecture <Behavioral> of entity <sighex_mohamadashraf_18101303>.
Parsing VHDL file "C:\Users\mhama\Desktop\Mohmad Ashraf\MohamadAshra_18101303_2021\shiftLeft_MohamadAshraf_1810303.vhd" into library work
Parsing entity <shiftLeft_MohamadAshraf_1810303>.
Parsing architecture <Behavioral> of entity <shiftleft_mohamadashraf_1810303>.
Parsing VHDL file "C:\Users\mhama\Desktop\Mohmad Ashraf\MohamadAshra_18101303_2021\RegisterFile_mohamadAshraf_18101303.vhd" into library work
Parsing entity <RegisterFile_mohamadAshraf_18101303>.
Parsing architecture <Behavioral> of entity <registerfile_mohamadashraf_18101303>.
Parsing VHDL file "C:\Users\mhama\Desktop\Mohmad Ashraf\MohamadAshra_18101303_2021\PC_MohamadAshraf_18101303.vhd" into library work
Parsing entity <PC_MohamadAshraf_18101303>.
Parsing architecture <Behavioral> of entity <pc_mohamadashraf_18101303>.
Parsing VHDL file "C:\Users\mhama\Desktop\Mohmad Ashraf\MohamadAshra_18101303_2021\MUX2to1_5Bit_MohamadAshraf_18101303.vhd" into library work
Parsing entity <MUX2to1_5Bit_MohamadAshraf_18101303>.
Parsing architecture <Behavioral> of entity <mux2to1_5bit_mohamadashraf_18101303>.
Parsing VHDL file "C:\Users\mhama\Desktop\Mohmad Ashraf\MohamadAshra_18101303_2021\Mux2t01_32bit_MohamadAshraf_18101303.vhd" into library work
Parsing entity <Mux2t01_32bit_MohamadAshraf_18101303>.
Parsing architecture <Behavioral> of entity <mux2t01_32bit_mohamadashraf_18101303>.
Parsing VHDL file "C:\Users\mhama\Desktop\Mohmad Ashraf\MohamadAshra_18101303_2021\Memoryunitmail_MohamadAshraf_18101303.vhd" into library work
Parsing entity <Memoryunitmail_MohamadAshraf_18101303>.
Parsing architecture <Behavioral> of entity <memoryunitmail_mohamadashraf_18101303>.
Parsing VHDL file "C:\Users\mhama\Desktop\Mohmad Ashraf\MohamadAshra_18101303_2021\InstructionMemory_MohamadAshra_18101303.vhd" into library work
Parsing entity <InstructionMemory_MohamadAshra_18101303>.
Parsing architecture <Behavioral> of entity <instructionmemory_mohamadashra_18101303>.
Parsing VHDL file "C:\Users\mhama\Desktop\Mohmad Ashraf\MohamadAshra_18101303_2021\controlunit_MohamadAshraf_18101303.vhd" into library work
Parsing entity <controlunit_MohamadAshraf_18101303>.
Parsing architecture <Behavioral> of entity <controlunit_mohamadashraf_18101303>.
Parsing VHDL file "C:\Users\mhama\Desktop\Mohmad Ashraf\MohamadAshra_18101303_2021\ALU_MohamadAshraf_18101303.vhd" into library work
Parsing entity <ALU_MohamadAshraf_18101303>.
Parsing architecture <Behavioral> of entity <alu_mohamadashraf_18101303>.
Parsing VHDL file "C:\Users\mhama\Desktop\Mohmad Ashraf\MohamadAshra_18101303_2021\ALUControl_MohamadAshraf18101303.vhd" into library work
Parsing entity <ALUControl_MohamadAshraf18101303>.
Parsing architecture <Behavioral> of entity <alucontrol_mohamadashraf18101303>.
Parsing VHDL file "C:\Users\mhama\Desktop\Mohmad Ashraf\MohamadAshra_18101303_2021\ADDER_MohamadAshraf_18101303.vhd" into library work
Parsing entity <ADDER_MohamadAshraf_18101303>.
Parsing architecture <Behavioral> of entity <adder_mohamadashraf_18101303>.
Parsing VHDL file "C:\Users\mhama\Desktop\Mohmad Ashraf\MohamadAshra_18101303_2021\SingleCycle_MohamadAshraf_18101303_2021.vhd" into library work
Parsing entity <MipsSingleCycle_MohamadAshraf_18101303>.
Parsing architecture <Behavioral> of entity <mipssinglecycle_mohamadashraf_18101303>.

=========================================================================
*                            HDL Elaboration                            *
=========================================================================

Elaborating entity <MipsSingleCycle_MohamadAshraf_18101303> (architecture <Behavioral>) from library <work>.

Elaborating entity <PC_MohamadAshraf_18101303> (architecture <Behavioral>) from library <work>.

Elaborating entity <ADDER_MohamadAshraf_18101303> (architecture <Behavioral>) from library <work>.

Elaborating entity <InstructionMemory_MohamadAshra_18101303> (architecture <Behavioral>) from library <work>.

Elaborating entity <controlunit_MohamadAshraf_18101303> (architecture <Behavioral>) from library <work>.

Elaborating entity <MUX2to1_5Bit_MohamadAshraf_18101303> (architecture <Behavioral>) from library <work>.

Elaborating entity <Mux2t01_32bit_MohamadAshraf_18101303> (architecture <Behavioral>) from library <work>.

Elaborating entity <RegisterFile_mohamadAshraf_18101303> (architecture <Behavioral>) from library <work>.
WARNING:HDLCompiler:92 - "C:\Users\mhama\Desktop\Mohmad Ashraf\MohamadAshra_18101303_2021\RegisterFile_mohamadAshraf_18101303.vhd" Line 53: reg should be on the sensitivity list of the process
WARNING:HDLCompiler:92 - "C:\Users\mhama\Desktop\Mohmad Ashraf\MohamadAshra_18101303_2021\RegisterFile_mohamadAshraf_18101303.vhd" Line 54: reg should be on the sensitivity list of the process

Elaborating entity <sighEx_MohamadAshraf_18101303> (architecture <Behavioral>) from library <work>.

Elaborating entity <shiftLeft_MohamadAshraf_1810303> (architecture <Behavioral>) from library <work>.

Elaborating entity <ALUControl_MohamadAshraf18101303> (architecture <Behavioral>) from library <work>.

Elaborating entity <ALU_MohamadAshraf_18101303> (architecture <Behavioral>) from library <work>.

Elaborating entity <Memoryunitmail_MohamadAshraf_18101303> (architecture <Behavioral>) from library <work>.
WARNING:Xst:2972 - "C:\Users\mhama\Desktop\Mohmad Ashraf\MohamadAshra_18101303_2021\SingleCycle_MohamadAshraf_18101303_2021.vhd" line 163. All outputs of instance <PCMain> of block <PC_MohamadAshraf_18101303> are unconnected in block <MipsSingleCycle_MohamadAshraf_18101303>. Underlying logic will be removed.
WARNING:Xst:2972 - "C:\Users\mhama\Desktop\Mohmad Ashraf\MohamadAshra_18101303_2021\SingleCycle_MohamadAshraf_18101303_2021.vhd" line 169. All outputs of instance <PCAdder> of block <ADDER_MohamadAshraf_18101303> are unconnected in block <MipsSingleCycle_MohamadAshraf_18101303>. Underlying logic will be removed.
WARNING:Xst:2972 - "C:\Users\mhama\Desktop\Mohmad Ashraf\MohamadAshra_18101303_2021\SingleCycle_MohamadAshraf_18101303_2021.vhd" line 176. All outputs of instance <BranchAdder> of block <ADDER_MohamadAshraf_18101303> are unconnected in block <MipsSingleCycle_MohamadAshraf_18101303>. Underlying logic will be removed.
WARNING:Xst:2972 - "C:\Users\mhama\Desktop\Mohmad Ashraf\MohamadAshra_18101303_2021\SingleCycle_MohamadAshraf_18101303_2021.vhd" line 182. All outputs of instance <InstructionMemoryMain> of block <InstructionMemory_MohamadAshra_18101303> are unconnected in block <MipsSingleCycle_MohamadAshraf_18101303>. Underlying logic will be removed.
WARNING:Xst:2972 - "C:\Users\mhama\Desktop\Mohmad Ashraf\MohamadAshra_18101303_2021\SingleCycle_MohamadAshraf_18101303_2021.vhd" line 187. All outputs of instance <ControlUnitMain> of block <controlunit_MohamadAshraf_18101303> are unconnected in block <MipsSingleCycle_MohamadAshraf_18101303>. Underlying logic will be removed.
WARNING:Xst:2972 - "C:\Users\mhama\Desktop\Mohmad Ashraf\MohamadAshra_18101303_2021\SingleCycle_MohamadAshraf_18101303_2021.vhd" line 199. All outputs of instance <MUXRegDst> of block <MUX2to1_5Bit_MohamadAshraf_18101303> are unconnected in block <MipsSingleCycle_MohamadAshraf_18101303>. Underlying logic will be removed.
WARNING:Xst:2972 - "C:\Users\mhama\Desktop\Mohmad Ashraf\MohamadAshra_18101303_2021\SingleCycle_MohamadAshraf_18101303_2021.vhd" line 206. All outputs of instance <MemoryMUX> of block <Mux2t01_32bit_MohamadAshraf_18101303> are unconnected in block <MipsSingleCycle_MohamadAshraf_18101303>. Underlying logic will be removed.
WARNING:Xst:2972 - "C:\Users\mhama\Desktop\Mohmad Ashraf\MohamadAshra_18101303_2021\SingleCycle_MohamadAshraf_18101303_2021.vhd" line 213. All outputs of instance <ALUMUX> of block <Mux2t01_32bit_MohamadAshraf_18101303> are unconnected in block <MipsSingleCycle_MohamadAshraf_18101303>. Underlying logic will be removed.
WARNING:Xst:2972 - "C:\Users\mhama\Desktop\Mohmad Ashraf\MohamadAshra_18101303_2021\SingleCycle_MohamadAshraf_18101303_2021.vhd" line 222. All outputs of instance <PCMUX> of block <Mux2t01_32bit_MohamadAshraf_18101303> are unconnected in block <MipsSingleCycle_MohamadAshraf_18101303>. Underlying logic will be removed.
WARNING:Xst:2972 - "C:\Users\mhama\Desktop\Mohmad Ashraf\MohamadAshra_18101303_2021\SingleCycle_MohamadAshraf_18101303_2021.vhd" line 229. All outputs of instance <RegisterFileMain> of block <RegisterFile_mohamadAshraf_18101303> are unconnected in block <MipsSingleCycle_MohamadAshraf_18101303>. Underlying logic will be removed.
WARNING:Xst:2972 - "C:\Users\mhama\Desktop\Mohmad Ashraf\MohamadAshra_18101303_2021\SingleCycle_MohamadAshraf_18101303_2021.vhd" line 240. All outputs of instance <SignExtendMain> of block <sighEx_MohamadAshraf_18101303> are unconnected in block <MipsSingleCycle_MohamadAshraf_18101303>. Underlying logic will be removed.
WARNING:Xst:2972 - "C:\Users\mhama\Desktop\Mohmad Ashraf\MohamadAshra_18101303_2021\SingleCycle_MohamadAshraf_18101303_2021.vhd" line 245. All outputs of instance <ShiftLeft2Main> of block <shiftLeft_MohamadAshraf_1810303> are unconnected in block <MipsSingleCycle_MohamadAshraf_18101303>. Underlying logic will be removed.
WARNING:Xst:2972 - "C:\Users\mhama\Desktop\Mohmad Ashraf\MohamadAshra_18101303_2021\SingleCycle_MohamadAshraf_18101303_2021.vhd" line 252. All outputs of instance <ALUControlMain> of block <ALUControl_MohamadAshraf18101303> are unconnected in block <MipsSingleCycle_MohamadAshraf_18101303>. Underlying logic will be removed.
WARNING:Xst:2972 - "C:\Users\mhama\Desktop\Mohmad Ashraf\MohamadAshra_18101303_2021\SingleCycle_MohamadAshraf_18101303_2021.vhd" line 259. All outputs of instance <ALU> of block <ALU_MohamadAshraf_18101303> are unconnected in block <MipsSingleCycle_MohamadAshraf_18101303>. Underlying logic will be removed.
WARNING:Xst:2972 - "C:\Users\mhama\Desktop\Mohmad Ashraf\MohamadAshra_18101303_2021\SingleCycle_MohamadAshraf_18101303_2021.vhd" line 268. All outputs of instance <MemoryUnitMain> of block <Memoryunitmail_MohamadAshraf_18101303> are unconnected in block <MipsSingleCycle_MohamadAshraf_18101303>. Underlying logic will be removed.

=========================================================================
*                           HDL Synthesis                               *
=========================================================================

Synthesizing Unit <MipsSingleCycle_MohamadAshraf_18101303>.
    Related source file is "C:\Users\mhama\Desktop\Mohmad Ashraf\MohamadAshra_18101303_2021\SingleCycle_MohamadAshraf_18101303_2021.vhd".
    Summary:
	no macro.
Unit <MipsSingleCycle_MohamadAshraf_18101303> synthesized.

=========================================================================
HDL Synthesis Report

Found no macro
=========================================================================

=========================================================================
*                       Advanced HDL Synthesis                          *
=========================================================================


=========================================================================
Advanced HDL Synthesis Report

Found no macro
=========================================================================

=========================================================================
*                         Low Level Synthesis                           *
=========================================================================

Optimizing unit <MipsSingleCycle_MohamadAshraf_18101303> ...

Mapping all equations...
Building and optimizing final netlist ...
Found area constraint ratio of 100 (+ 5) on block MipsSingleCycle_MohamadAshraf_18101303, actual ratio is 0.

Final Macro Processing ...

=========================================================================
Final Register Report

Found no macro
=========================================================================

=========================================================================
*                           Partition Report                            *
=========================================================================

Partition Implementation Status
-------------------------------

  No Partitions were found in this design.

-------------------------------

=========================================================================
*                            Design Summary                             *
=========================================================================

Top Level Output File Name         : MipsSingleCycle_MohamadAshraf_18101303.ngc

Primitive and Black Box Usage:
------------------------------

Device utilization summary:
---------------------------

Selected Device : 7a100tcsg324-3 


Slice Logic Utilization: 

Slice Logic Distribution: 
 Number of LUT Flip Flop pairs used:      0
   Number with an unused Flip Flop:       0  out of      0         
   Number with an unused LUT:             0  out of      0         
   Number of fully used LUT-FF pairs:     0  out of      0         
   Number of unique control sets:         0

IO Utilization: 
 Number of IOs:                           1
 Number of bonded IOBs:                   0  out of    210     0%  

Specific Feature Utilization:

---------------------------
Partition Resource Summary:
---------------------------

  No Partitions were found in this design.

---------------------------


=========================================================================
Timing Report

NOTE: THESE TIMING NUMBERS ARE ONLY A SYNTHESIS ESTIMATE.
      FOR ACCURATE TIMING INFORMATION PLEASE REFER TO THE TRACE REPORT
      GENERATED AFTER PLACE-and-ROUTE.

Clock Information:
------------------
No clock signals found in this design

Asynchronous Control Signals Information:
----------------------------------------
No asynchronous control signals found in this design

Timing Summary:
---------------
Speed Grade: -3

   Minimum period: No path found
   Minimum input arrival time before clock: No path found
   Maximum output required time after clock: No path found
   Maximum combinational path delay: No path found

Timing Details:
---------------
All values displayed in nanoseconds (ns)

=========================================================================

Cross Clock Domains Report:
--------------------------

=========================================================================


Total REAL time to Xst completion: 8.00 secs
Total CPU time to Xst completion: 8.26 secs
 
--> 

Total memory usage is 4687364 kilobytes

Number of errors   :    0 (   0 filtered)
Number of warnings :   17 (   0 filtered)
Number of infos    :    0 (   0 filtered)

